<?xml version="1.0" encoding="UTF-8"?>
<testsuite name="Search for the book" tests="1" skipped="0" failures="0" errors="0" timestamp="2024-03-24T22:44:01" hostname="MacBook-Pro-Volodymyr.local" time="34.555">
  <properties/>
  <testcase name="Search some book" classname="Search for the book" time="34.555"/>
  <system-out><![CDATA[
Scenario: Search some book                                                ?[90m# src/test/resources/feature.search/product_search.feature:4?[0m
  ?[32mGiven ?[0m?[32mopen home page?[0m                                                    ?[90m# stepdefinitions.stepDefinitions.open_home_page()?[0m
2024-03-25 00:44:13 INFO  page.HomePage:50 - Clicking on element: Language drop down
2024-03-25 00:44:13 INFO  page.HomePage:50 - Clicking on element: English drop down option
  ?[32mAnd ?[0m?[32mselect english language?[0m                                             ?[90m# stepdefinitions.stepDefinitions.enSelected()?[0m
2024-03-25 00:44:20 INFO  page.HomePage:41 - Entering text "Control Your Mind and Master Your Feelings" to element: Search field 
2024-03-25 00:44:21 INFO  page.HomePage:50 - Clicking on element: Search button 
  ?[32mWhen ?[0m?[32muser searches book by ?[0m?[32m?[1m"Control Your Mind and Master Your Feelings"?[0m ?[90m# stepdefinitions.stepDefinitions.searchBookByName(java.lang.String)?[0m
2024-03-25 00:44:24 INFO  page.SearchResultPage:50 - Clicking on element: Text present
  ?[32mWhen ?[0m?[32mopen book by ?[0m?[32m?[1m"2018"?[0m                                                ?[90m# stepdefinitions.stepDefinitions.clickOnBookByYear(java.lang.String)?[0m


<!DOCTYPE html>
<html xmlns="http://www.w3.org/1999/xhtml" lang="">
<head>
    <meta http-equiv="Content-Type" content="text/html; charset=utf-8" />
    <meta name="title" content="" />
    <meta name="keywords" content="free books, books to read, free ebooks, audio books, read books for free, read books online, online library">
    <meta name="viewport" content="width=device-width, initial-scale=1.0">
    <meta name="author" content="OpenLibrary.org" />
    <meta name="creator" content="OpenLibrary.org" />
    <meta name="copyright" content="Original content copyright; 2007-2015" />
    <meta name="distribution" content="Global" />
    <meta name="theme-color" content="#e2dcc5">


    <link rel="canonical" href="https://openlibrary.org/works/OL25312237W/Control_Your_Mind_and_Master_Your_Feelings?edition=key%253A%2Fbooks%2FOL33899062M" />
    <link rel="preconnect" href="https://analytics.archive.org">

    <link rel="search" type="application/opensearchdescription+xml" title="Open Library" href="/static/opensearch.xml">
    <link rel="manifest" href="/static/manifest.json">

    <link href="/static/images/openlibrary-128x128.png" rel="apple-touch-icon" />
    <link href="/static/images/openlibrary-152x152.png" rel="apple-touch-icon" sizes="152x152" />
    <link href="/static/images/openlibrary-167x167.png" rel="apple-touch-icon" sizes="167x167" />
    <link href="/static/images/openlibrary-180x180.png" rel="apple-touch-icon" sizes="180x180" />
    <link href="/static/images/openlibrary-192x192.png" rel="icon" sizes="192x192" />
    <link href="/static/images/openlibrary-128x128.png" rel="icon" sizes="128x128" />
    <link href="/static/build/page-book.css?v=d7c40ed69e8cf694c8a22914a843099c" rel="stylesheet" type="text/css" />

    <noscript>
      <style>
        /* Don't hide content with clamp if no js to show more/less */
        .clamp {
          -webkit-line-clamp: unset !important;
        }

        /* Don't show read-more sections collapsed */
        .read-more__content {
          max-height: unset !important;
        }
        /* Don't show read-more toggle buttons */
        .read-more__toggle {
          display: none !important;
        }

        /* @width-breakpoint-tablet media query: */
        @media only screen and (min-width: 768px) {
          /* Sticky navbar to top of screen if compact title cannot be stickied */
          .work-menu {
            top: 0 !important;
          }
        }
      </style>
    </noscript>
 <script>

/* @licstart  The following is the entire license notice for the
 * JavaScript code in this page.
 *
 * This program is free software: you can redistribute it and/or modify
 * it under the terms of the GNU Affero General Public License as published by
 * the Free Software Foundation, either version 3 of the License, or
 * (at your option) any later version.
 *
 * This program is distributed in the hope that it will be useful,
 * but WITHOUT ANY WARRANTY; without even the implied warranty of
 * MERCHANTABILITY or FITNESS FOR A PARTICULAR PURPOSE.  See the
 * GNU Affero General Public License for more details.
 *
 * You should have received a copy of the GNU Affero General Public License
 * along with this program.  If not, see <http://www.gnu.org/licenses/>.
 *
 * @licend  The above is the entire license notice
 * for the JavaScript code in this page.
 */

  </script>

    <!-- JavaScript execution queue that will be emptied at the bottom of the page -->
    <script type="text/javascript">window.q = [];</script>
    <meta name="google-site-verification" content="KrqcZD4l5BLNVyjzSi2sjZBiwgmkJ1W7n6w7ThD7A74" />
    <meta name="google-site-verification" content="vtXGm8q3UgP-f6qXTvQBo85uh3nmIYIotVqqdJDpyz4" />
    <!-- Drini, Google Search Console -->
    <meta name="google-site-verification" content="XYOJ9Uj0MBr6wk7kj1IkttXrqY-bbRstFMADTfEt354" />







    <meta name="description" content="Control Your Mind and Master Your Feelings by Eric Robertson - undifferentiated, unknown edition, " />
    <title>Control Your Mind and Master Your Feelings by Eric Robertson - undifferentiated | Open Library</title>

    <meta property="og:title" content="Control Your Mind and Master Your Feelings by Eric Robertson - undifferentiated | Open Library" />
    <meta property="og:type" content="books.book" />
    <meta property="og:image" content="https://openlibrary.org/images/icons/avatar_book-sm.png" />
    <meta property="og:url" content="https://openlibrary.org/works/OL25312237W/Control_Your_Mind_and_Master_Your_Feelings?edition=key%253A%2Fbooks%2FOL33899062M" />
    <meta property="og:site_name" content="Open Library" />
    <meta property="og:description" content="Control Your Mind and Master Your Feelings by Eric Robertson - undifferentiated, unknown edition, " />
    <link rel="preload" as="image" href="/images/icons/avatar_book.png" imagesrcset="/images/icons/avatar_book-lg.png 2x" />
</head>




<body class="" >
  <script>
      // Provide a signal that JS will load
      document.body.className += ' client-js';
  </script>
  <span id="top"></span>
  <div id="offline-info">It looks like you&#39;re offline.</div>
  
  
  
    <div id="donato"></div>
    <script src="/cdn/archive.org/donate.js" data-platform="ol"></script>
    

<div id="topNotice">
  <div class="page-banner page-banner-black page-banner-center">
    <div class="iaBar">
        <a class="iaLogo" href="https://archive.org"><img alt="Internet Archive logo" src="/static/images/ia-logo.svg" width="160"></a>
        <a class="ghost-btn" href="https://archive.org/donate/?platform=ol&origin=olwww-TopNavDonateButton" data-ol-link-track="IABar|DonateButton">Donate <span class="heart" aria-hidden="true">♥</span></a>
      <div class="language-component header-dropdown">
        <details>
          <summary>
            <img class="translate-icon" src="/static/images/language-icon.svg" title="Change Website Language" alt="Change Website Language"/>
          </summary>
          <div class="language-dropdown-component">
            
<ul class="locale-options dropdown-menu">
  <li><a href="#" lang="cs" data-lang-id="cs" title="Czech">Čeština (cs)</a></li>
  <li><a href="#" lang="de" data-lang-id="de" title="German">Deutsch (de)</a></li>
  <li><a href="#" lang="en" data-lang-id="en" title="English">English (en)</a></li>
  <li><a href="#" lang="es" data-lang-id="es" title="Spanish">Español (es)</a></li>
  <li><a href="#" lang="fr" data-lang-id="fr" title="French">Français (fr)</a></li>
  <li><a href="#" lang="hr" data-lang-id="hr" title="Croatian">Hrvatski (hr)</a></li>
  <li><a href="#" lang="it" data-lang-id="it" title="Italian">Italiano (it)</a></li>
  <li><a href="#" lang="pt" data-lang-id="pt" title="Portuguese">Português (pt)</a></li>
  <li><a href="#" lang="hi" data-lang-id="hi" title="Hindi">हिंदी (hi)</a></li>
  <li><a href="#" lang="sc" data-lang-id="sc" title="Sardinian">Sardu (sc)</a></li>
  <li><a href="#" lang="te" data-lang-id="te" title="Telugu">తెలుగు (te)</a></li>
  <li><a href="#" lang="uk" data-lang-id="uk" title="Ukrainian">Українська (uk)</a></li>
  <li><a href="#" lang="zh" data-lang-id="zh" title="Chinese">中文 (zh)</a></li>
</ul>

          </div>
        </details>
      </div>
    </div>
  </div>
</div>

  
<header id="header-bar" class="header-bar">



  <div class="logo-component">
    <a href="/" title="The Internet Archive&#39;s Open Library: One page for every book">
      <div class="logo-txt">
        <img class="logo-icon" src="/static/images/openlibrary-logo-tighter.svg"
          width="189" height="47"
          alt="Open Library logo"/>
      </div>
    </a>
  </div>


  <ul class="navigation-component">
    <li>












<div class="mybooks-component header-dropdown">
  <a href="/account/books" data-ol-link-track=MainNav|MyBooks>My Books</a>
</div>
</li>
    <li>












<div class="browse-component header-dropdown">
  <details>
    <summary >
      Browse
      <span class="shift">Menu</span>
      
      <img class="down-arrow" aria-hidden="true" src="/static/images/down-arrow.png" alt="" role="presentation" width="7" height="4">
    </summary>
    <div
    class="browse-dropdown-component navigation-dropdown-component"
    >
      <ul class="dropdown-menu browse-dropdown-menu">
        <li>
        <a href="/subjects" data-ol-link-track=MainNav|Subjects>
          Subjects
        </a>
        </li>
        <li>
        <a href="/trending" data-ol-link-track=MainNav|Trending>
          Trending
        </a>
        </li>
        <li>
        <a href="/explore" data-ol-link-track=MainNav|Explore>
          Library Explorer
        </a>
        </li>
        <li>
        <a href="/lists" data-ol-link-track=MainNav|Lists>
          Lists
        </a>
        </li>
        <li>
        <a href="/collections" data-ol-link-track=MainNav|Collections>
          Collections
        </a>
        </li>
        <li>
        <a href="/k-12" data-ol-link-track=MainNav|K12Library>
          K-12 Student Library
        </a>
        </li>
        <li>
        <a href="/booktalks" data-ol-link-track=MainNav|BookTalks>
          Book Talks
        </a>
        </li>
        <li>
        <a href="/random" data-ol-link-track=MainNav|RandomBook>
          Random Book
        </a>
        </li>
        <li>
        <a href="/advancedsearch" data-ol-link-track=MainNav|AdvancedSearch>
          Advanced Search
        </a>
        </li>
      </ul>
    </div>
  </details>
</div>
</li>
  </ul>

  <div class="search-component">
    <div class="search-bar-component">
      <div class="search-bar">
        <div class="search-facet">
          <label class="search-facet-selector">
            <span aria-hidden="true" class="search-facet-value"></span>
            <select aria-label="Search by">
              <option value='all'>All</option>
              <option value='title'>Title</option>
              <option value='author'>Author</option>
              <option value='text'>Text</option>
              <option value='subject'>Subject</option>
              <option value='lists'>Lists</option>
              <option value='advanced'>Advanced</option>
            </select>
          </label>
        </div>
        <form class="search-bar-input" action="/search" method="get">
          <input type="text" name="q" placeholder="Search" aria-label="Search" autocomplete="off">
          <input name="mode" type="checkbox" aria-hidden="true" aria-label="Search checkbox" checked="checked" value="" id="ftokenstop" class="hidden instantsearch-mode">
          <input type="submit" value="" class="search-bar-submit" aria-label="Search submit">
          <div class="vertical-separator"></div>
          <a
            id="barcode_scanner_link"
            class="search-by-barcode-submit"
            aria-label="Search by barcode"
            title="Search by barcode"
            href="/barcodescanner?returnTo=/isbn/$$$"
          >
          </a>
        </form>
      </div>
      <div class="search-dropdown">
        <ul class="search-results">
        </ul>
      </div>
    </div>
  </div>

  <ul class="auth-component">
    <li class="hide-me">
      <a class="btn"
         href="/account/login">Log In</a></li>
    <li><a class="btn primary" href="/account/create">Sign Up</a></li>
  </ul>
  
  












<div class="hamburger-component header-dropdown">
  <details>
    <summary data-ol-link-track="HeaderBar|Hamburger">
      <img class="hamburger__icon" src="/static/images/hamburger-icon.svg" alt="additional options menu"/>
      <img class="down-arrow" aria-hidden="true" src="/static/images/down-arrow.png" alt="" role="presentation" width="7" height="4">
    </summary>
    <div class="mask-menu"></div>
    <div
    class="app-drawer"
    >
      <ul class="dropdown-menu hamburger-dropdown-menu">
        <li class="subsection">
          My Open Library
        </li>
        <li class="login-links">
          <a class="login-links__secondary" href="/account/login">Log In</a>
          <a class="login-links__primary" href="/account/create">Sign Up</a>
        </li>
        <li class="subsection">
          Browse
        </li>
        <li>
        <a href="/subjects" data-ol-link-track=Hamburger|Subjects>
          Subjects
        </a>
        </li>
        <li>
        <a href="/trending" data-ol-link-track=Hamburger|Trending>
          Trending
        </a>
        </li>
        <li>
        <a href="/explore" data-ol-link-track=Hamburger|Explore>
          Library Explorer
        </a>
        </li>
        <li>
        <a href="/lists" data-ol-link-track=Hamburger|Lists>
          Lists
        </a>
        </li>
        <li>
        <a href="/collections" data-ol-link-track=Hamburger|Collections>
          Collections
        </a>
        </li>
        <li>
        <a href="/k-12" data-ol-link-track=Hamburger|K12Library>
          K-12 Student Library
        </a>
        </li>
        <li>
        <a href="/booktalks" data-ol-link-track=Hamburger|BookTalks>
          Book Talks
        </a>
        </li>
        <li>
        <a href="/random" data-ol-link-track=Hamburger|RandomBook>
          Random Book
        </a>
        </li>
        <li>
        <a href="/advancedsearch" data-ol-link-track=Hamburger|AdvancedSearch>
          Advanced Search
        </a>
        </li>
        <li class="subsection">
          Contribute
        </li>
        <li>
        <a href="/books/add" data-ol-link-track=Hamburger|AddBook>
          Add a Book
        </a>
        </li>
        <li>
        <a href="/recentchanges" data-ol-link-track=Hamburger|RecentEdits>
          Recent Community Edits
        </a>
        </li>
        <li class="subsection">
          Resources
        </li>
        <li>
        <a href="/help" data-ol-link-track=Hamburger|Help>
          Help &amp; Support
        </a>
        </li>
        <li>
        <a href="/developers" data-ol-link-track=Hamburger|DevelopersHelp>
          Developer Center
        </a>
        </li>
        <li>
        <a href="/librarians" data-ol-link-track=Hamburger|LibrariansHelp>
          Librarians Portal
        </a>
        </li>
      </ul>
    </div>
  </details>
</div>


</header>
<header class="header-bar mobile">
  <ul class="navigation-component mobile">
    <li>












<div class="mybooks-component header-dropdown">
  <a href="/account/books" data-ol-link-track=MainNav|MyBooks>My Books</a>
</div>
</li>
    <li>












<div class="browse-component header-dropdown">
  <details>
    <summary >
      Browse
      <span class="shift">Menu</span>
      
      <img class="down-arrow" aria-hidden="true" src="/static/images/down-arrow.png" alt="" role="presentation" width="7" height="4">
    </summary>
    <div
    class="browse-dropdown-component navigation-dropdown-component"
    >
      <ul class="dropdown-menu browse-dropdown-menu">
        <li>
        <a href="/subjects" data-ol-link-track=MainNav|Subjects>
          Subjects
        </a>
        </li>
        <li>
        <a href="/trending" data-ol-link-track=MainNav|Trending>
          Trending
        </a>
        </li>
        <li>
        <a href="/explore" data-ol-link-track=MainNav|Explore>
          Library Explorer
        </a>
        </li>
        <li>
        <a href="/lists" data-ol-link-track=MainNav|Lists>
          Lists
        </a>
        </li>
        <li>
        <a href="/collections" data-ol-link-track=MainNav|Collections>
          Collections
        </a>
        </li>
        <li>
        <a href="/k-12" data-ol-link-track=MainNav|K12Library>
          K-12 Student Library
        </a>
        </li>
        <li>
        <a href="/booktalks" data-ol-link-track=MainNav|BookTalks>
          Book Talks
        </a>
        </li>
        <li>
        <a href="/random" data-ol-link-track=MainNav|RandomBook>
          Random Book
        </a>
        </li>
        <li>
        <a href="/advancedsearch" data-ol-link-track=MainNav|AdvancedSearch>
          Advanced Search
        </a>
        </li>
      </ul>
    </div>
  </details>
</div>
</li>
  </ul>
</header>

  
  <div id="test-body-mobile">
    
    <div class="flash-messages">
    </div>
    
    
    
    

































<!-- Open graph tags handle card for both twitter and facebook -->





















<div id="contentBody" role="main" itemscope itemtype="https://schema.org/Book">
  <div class="workDetails">
    <link itemprop="exampleOfWork" href="/works/OL25312237W">
    
    <!-- (mobile only) -->
    

<span class="nav-bar-wrapper sticky mobile-only">
  <ul class="nav-bar work-menu">
    <li class="selected">
      <a href="#overview-mobile" data-ol-link-track="BookPageNav|Overview">Overview</a>
    </li>
    <li>
      <a href="#editions-list" data-ol-link-track="BookPageNav|EditionTable">
        View 2 Editions
      </a>
    </li>
    <li>
      <a href="#details" data-ol-link-track="BookPageNav|Details">Details</a>
    </li>
    <li>
      <a href="#reader-observations" data-ol-link-track="BookPageNav|Reviews">
        17 Reviews
      </a>
    </li>
    <li>
      <a href="#lists-section" data-ol-link-track="BookPageNav|Lists">Lists</a>
    </li>
    <li>
      <a href="#related-work-carousel" data-ol-link-track="BookPageNav|RelatedBooks">Related Books</a>
    </li>
  </ul>
  <span class="nav-arrow">
    <img src="/static/images/nav-arrow.svg" role="img">
  </span>
</span>

    <a id="overview-mobile" name="overview-mobile" class="section-anchor section-anchor--no-height"></a>
    
<div class="work-title-and-author mobile">
  <span>
    <div class="work-line">
        An edition of <a href="/works/OL25312237W?edition=">Control Your Mind and Master Your Feelings</a>
        <span class="first-published-date" title="First published in 2018">
          (2018)
        </span>
    </div>
    <h1 class="work-title" itemprop="name">Control Your Mind and Master Your Feelings</h1>

    <h2 class="edition-byline">
      
by <a href="/authors/OL1573400A/Eric_Robertson_-_undifferentiated" itemprop="author">Eric Robertson - undifferentiated</a>

    </h2>
    

<ul class="readers-stats  " itemprop="aggregateRating" itemscope itemtype="https://schema.org/AggregateRating">
  <li class="avg-ratings" onclick="location.href='#starRatingSection';" data-ol-link-track="StarRating|StatsComponentClick">
    <span class="readers-stats__star">★</span><span class="readers-stats__star">★</span><span class="readers-stats__star">★</span>
    <span class="readers-stats__star--half">★</span>
    <span itemprop="ratingValue">3.74</span>
    <span class="dot">·</span>
  </li>

  <li class="readers-stats__review-count">
    <span itemprop="reviewCount">212</span> Ratings
  </li>
  <li class="reading-log-stat"><span class="readers-stats__stat">7359</span> <span class="readers-stats__label">Want to read</span></li>
  <li class="reading-log-stat"><span class="readers-stats__stat">576</span> <span class="readers-stats__label">Currently reading</span></li>
  <li class="reading-log-stat"><span class="readers-stats__stat">281</span> <span class="readers-stats__label">Have read</span></li>
</ul>

  </span>

  
  





<div class="">
  
<a href="javascript:;" class="share-modal-link icon-link" data-ol-link-track=ModalLinkClick|ShareIcon>
  <img class="icon-link__image" src="/static/images/icons/share.svg">
  <div class="icon-link__text">Share</div>
</a>




  <div class="hidden">
    <div id="social-modal-content" class="floaterAdd">
      <div class="content">
        <div class="floaterHead right-justify">
          <a class="dialog--close">&times;<span class="shift">Close</span></a>
        </div>
        <div class="shareLinks cta-section">
          <ul class="shareLinks-list">
              <li>
                <a href="https://www.facebook.com/sharer/sharer.php?u=https%3A%2F%2Fopenlibrary.org%2Fworks%2FOL25312237W%2FControl_Your_Mind_and_Master_Your_Feelings%3Fedition%3Dkey%25253A%252Fbooks%252FOL33899062M" class="sansserif large" target="_blank"
                  data-ol-link-track="Share|Facebook">
                  <img
                    title="Share on Facebook"
                    alt="Facebook" class="share-link"
                    src="/static/images/facebook.svg?v=2221df78e6776d3671b56fbed6732cd7"
                    loading="lazy"
                  >
                </a>
                <div class="share-source">Facebook</div>
              </li>
              
              <li>
                <a href="https://twitter.com/intent/tweet?url=https%3A%2F%2Fopenlibrary.org%2Fworks%2FOL25312237W%2FControl_Your_Mind_and_Master_Your_Feelings%3Fedition%3Dkey%25253A%252Fbooks%252FOL33899062M&amp;via=openlibrary&amp;text=Check+this+out%3A+Control+Your+Mind+and+Master+Your+Feelings+by+Eric+Robertson+-+undifferentiated" class="sansserif large" target="_blank"
                  data-ol-link-track="Share|Twitter">
                  <img
                    title="Share on Twitter"
                    alt="Twitter" class="share-link"
                    src="/static/images/twitter.svg?v=ec50fd8c4aa8205ba33750f580e76a5b"
                    loading="lazy"
                  >
                </a>
                <div class="share-source">Twitter</div>
              </li>
              
              <li>
                <a href="https://pinterest.com/pin/create/link/?url=https%3A%2F%2Fopenlibrary.org%2Fworks%2FOL25312237W%2FControl_Your_Mind_and_Master_Your_Feelings%3Fedition%3Dkey%25253A%252Fbooks%252FOL33899062M&amp;description=Check+this+out%3A+Control+Your+Mind+and+Master+Your+Feelings+by+Eric+Robertson+-+undifferentiated" class="sansserif large" target="_blank"
                  data-ol-link-track="Share|Pinterest">
                  <img
                    title="Share on Pinterest"
                    alt="Pinterest" class="share-link"
                    src="/static/images/pinterest.svg?v=df62fe57a8c7caabbcc722e7b59b7367"
                    loading="lazy"
                  >
                </a>
                <div class="share-source">Pinterest</div>
              </li>
              
            <li>
              
              <a class="embed-work-btn" title="Embed this book in your website" data-ol-link-track="Share|Embed"
                onclick="prompt('Copy embed code to clipboard:', '&lt;iframe frameborder=&quot;0&quot; width=&quot;165&quot; height=&quot;400&quot; src=&quot;//openlibrary.org/works/OL25312237W/Control_Your_Mind_and_Master_Your_Feelings/widget&quot;&gt;&lt;/iframe&gt;');">
                <img
                  alt="Embed icon"
                  class="share-link"
                  src="/static/images/embed.png?v=3cfbbb4731c6f5c37e543bc98579f357"
                  loading="lazy"
                >
              </a>
              <div class="share-source">Embed</div>
            </li>

            <li>
              <a class="copy-url-btn" title="Copy url to clipboard" data-ol-link-track="Share|CopyURL">
                  <img
                      alt="Copy URL icon"
                      class="share-link"
                      src="/static/images/copy_url.png?v=ee1e83c926d101bcf002dbfd4801f7e2"
                      loading="lazy"
                  >
              </a>
              <div class="share-source">Copy URL</div>
            </li>

          </ul>
        </div>
      </div>
    </div>
  </div>
</div>

</div>

    <div class="editionCover">
      

<div class="Tools">
  <div id="read">
    <div class="panel">
      <div class="btn-notice read-options" id="read-options">

        <div class="illustration edition-cover">
          





<div class="coverMagic cover-animation">
    <div class="SRPCover bookCover" style="display: none;">
        <a
            href=""
            aria-controls="seeImage"
            class="coverLook dialog--open"
            title="Pull up a bigger book cover"
        >

            <img
                itemprop="image"
                src="/images/icons/avatar_book.png"
                srcset="/images/icons/avatar_book-lg.png 2x"
                class="cover"
                alt="Cover of: Control Your Mind and Master Your Feelings by "
            >
        </a>
    </div>
    <div class="SRPCoverBlank" style="display: block;">
        <div class="innerBorder">
            <div class="BookTitle">
Control Your Mind and Master Your Feelings 

                <div class="Author">
</div>
            </div>
        </div>
    </div>
</div>

<div class="hidden">
    <div class="coverFloat" id="seeImage">
        <div class="coverFloatHead">
            <h2>
Control Your Mind and Master Your Feelings 
</h2>
            <a class="dialog--close">&times;<span class="shift">Close</span></a>
        </div>
        <a class="dialog--close"><img src="" class="cover" alt="Control Your Mind and Master Your Feelings by "/></a>
    </div>
</div>

          
          
        </div>



        
        
        





















<div class="cta-button-group">
  <span class="cta-btn cta-btn--no-pointer">Not in Library</span>
</div>



<div class="lists-widget-container">



<input type="hidden" name="list-i18n-strings" value="{&quot;cover_of&quot;: &quot;Cover of: &quot;, &quot;see_this_list&quot;: &quot;See this list&quot;, &quot;remove_from_list&quot;: &quot;Remove from your list?&quot;, &quot;from&quot;: &quot;from&quot;, &quot;you&quot;: &quot;You&quot;}">










<div class="generic-dropper-wrapper my-books-dropper generic-dropper--disabled">
  <div class="generic-dropper">
    <div class="generic-dropper__actions">
      <div class="generic-dropper__primary">
        
<form class="reading-log primary-action" method="POST" action="/works/OL25312237W/bookshelves.json">
  

  <input type="hidden" name="action" value="add"/>
  <input type="hidden" name="bookshelf_id" value="1"/>
  <input type="hidden" name="work_id" value="/works/OL25312237W"/>
  <input type="hidden" name="edition_id" value="/books/OL50530408M"/>
  <button class="book-progress-btn primary-action unactivated" type="submit">
    <span class="activated-check hidden">✓</span>
    <span class="btn-text">Want to Read</span>
  </button>
</form>



      </div>
      <a class="generic-dropper__dropclick" href="javascript:;">
        <div class="arrow"></div>
      </a>
    </div>
    <div class="generic-dropper__dropdown">
      


<div class="read-statuses">
  <form class="reading-log" method="POST" action="/works/OL25312237W/bookshelves.json">
    <input type="hidden" name="action" value="remove"/>
    <input type="hidden" name="bookshelf_id" value="-1"/>
    <input type="hidden" name="default-key" value="/books/OL50530408M" />
    <input type="hidden" name="edition_id" value="/books/OL50530408M"/>
    <input type="hidden" name="work_id" value="/works/OL25312237W"/>
    <button class="remove-from-list hidden" type="submit">Remove From Shelf</button>
  </form>

  <form class="reading-log" method="POST" action="/works/OL25312237W/bookshelves.json">
    <input type="hidden" name="action" value="add"/>
    <input type="hidden" name="bookshelf_id" value="1"/>
    <input type="hidden" name="edition_id" value="/books/OL50530408M"/>
    <button class="nostyle-btn hidden" type="submit">Want to Read</button>
  </form>

  <form class="reading-log" method="POST" action="/works/OL25312237W/bookshelves.json">
    <input type="hidden" name="action" value="add"/>
    <input type="hidden" name="bookshelf_id" value="2"/>
    <input type="hidden" name="edition_id" value="/books/OL50530408M"/>
    <button class="nostyle-btn " type="submit">Currently Reading</button>
  </form>

  <form class="reading-log" method="POST" action="/works/OL25312237W/bookshelves.json">
    <input type="hidden" name="action" value="add"/>
    <input type="hidden" name="bookshelf_id" value="3"/>
    <input type="hidden" name="edition_id" value="/books/OL50530408M"/>
    <button class="nostyle-btn " type="submit">Already Read</button>
  </form>
</div>





<div class="reading-lists">
  <p class="reading-list-title">My Reading Lists:</p>
  <div class="my-lists" data-seed-key="/books/OL50530408M" data-work-key="/works/OL25312237W" data-user-key="">
  </div>
  <p class="create checkboxes">
    <label>
      <input type="checkbox" class="work-checkbox"/>
      <span>Use this Work</span>
    </label>
  </p>
  <p class="create">
    <a href="javascript:;" class="create-new-list" aria-controls="addList">Create a new list</a>
  </p>
</div>



<div class="hidden">
  <div class="floaterAdd" id="addList">
    <div class="floaterHead">
      <h2>Create a new list</h2>
      <a class="dialog--close">&times;<span class="shift">Close</span></a>
    </div>
    <form method="post" class="floatform" name="new-list" id="create-list-form">
      <div class="formElement">
        <div class="label">
          <label for="list_label">Name:</label>
        </div>
        <div class="input">
          <input type="text" name="list_label" id="list_label" class="text required" value="" required/>
        </div>
      </div>
      <div class="formElement">
        <div class="label">
          <label for="list_desc">Description:</label>
        </div>
        <div class="input">
          <textarea name="list_desc" id="list_desc" rows="5" cols="30"></textarea>
        </div>
      </div>
      <div class="formElement">
        <div class="input">
          <button id="create-list-button" type="submit" class="larger">Create new list</button>
          &nbsp; &nbsp;
          <a class="small dialog--close plain red">Cancel</a>
        </div>
      </div>
    </form>
  </div>
</div>





    </div>
  </div>
</div>















<div id="check-in-display-OL25312237W" class="last-read-date hidden">
  <span class="date-display">
    <span class="read-label">Read: </span>
    <span class="check-in-date"></span>
    <a class="prompt-edit-date" href="javascript:;" data-work-olid="OL25312237W" data-ol-link-track="CheckInPrompt|EditDate">Edit</a>
  </span>
</div>

<div id="prompt-OL25312237W" class="check-in-prompt hidden" data-work-olid="OL25312237W">
  <span class="prompt-copy">When did you finish this book?</span>
  <span class="prompt-options">
    <a class="prompt-current-year use-local-year" href="javascript:;" data-ol-link-track="CheckInPrompt|SetDateCurrentYear" data-server-year="2024">2024</a>
    <a class="prompt-today" href="javascript:;" data-ol-link-track="CheckInPrompt|SetDateToday">Today</a>
    <a class="prompt-custom" href="javascript:;" data-ol-link-track="CheckInPrompt|SetDateCustom">Other</a>
  </span>
</div>






<dialog id="check-in-dialog-OL25312237W" class="native-dialog">
  <div class="floaterHead">
    <h2>Check-In</h2>
    <a class="native-dialog--close" href="javascript:;">×<span class="shift">Close</span></a>
  </div>
  

<div class="check-in" data-work-olid="OL25312237W" data-event-type="3">
  <form method="dialog" class="check-in__form" action="/works/OL25312237W/check-ins" method="post">
    <input type="hidden" name="event_id" value="">
    <input type="hidden" name="edition_key" value="/books/OL50530408M">
    <div>
      Add an optional check-in date.  Check-in dates are used to track yearly reading goals.
    </div>
    <div class="check-in__inputs">
      <label class="check-in__label">End Date:</label>
      <span>
        <label>Year:</label>
        <select class="check-in__select" name="year">
          <option value="">Year</option>
          <option class="hidden show-if-local-year" value="2025">2025</option>
          <option value="2024" >2024</option>
          <option value="2023" >2023</option>
          <option value="2022" >2022</option>
          <option value="2021" >2021</option>
          <option value="2020" >2020</option>
          <option value="2019" >2019</option>
          <option value="2018" >2018</option>
          <option value="2017" >2017</option>
          <option value="2016" >2016</option>
          <option value="2015" >2015</option>
          <option value="2014" >2014</option>
          <option value="2013" >2013</option>
          <option value="2012" >2012</option>
          <option value="2011" >2011</option>
          <option value="2010" >2010</option>
          <option value="2009" >2009</option>
          <option value="2008" >2008</option>
          <option value="2007" >2007</option>
          <option value="2006" >2006</option>
          <option value="2005" >2005</option>
          <option value="2004" >2004</option>
          <option value="2003" >2003</option>
          <option value="2002" >2002</option>
          <option value="2001" >2001</option>
          <option value="2000" >2000</option>
          <option value="1999" >1999</option>
          <option value="1998" >1998</option>
          <option value="1997" >1997</option>
          <option value="1996" >1996</option>
          <option value="1995" >1995</option>
          <option value="1994" >1994</option>
          <option value="1993" >1993</option>
          <option value="1992" >1992</option>
          <option value="1991" >1991</option>
          <option value="1990" >1990</option>
          <option value="1989" >1989</option>
          <option value="1988" >1988</option>
          <option value="1987" >1987</option>
          <option value="1986" >1986</option>
          <option value="1985" >1985</option>
          <option value="1984" >1984</option>
          <option value="1983" >1983</option>
          <option value="1982" >1982</option>
          <option value="1981" >1981</option>
          <option value="1980" >1980</option>
          <option value="1979" >1979</option>
          <option value="1978" >1978</option>
          <option value="1977" >1977</option>
          <option value="1976" >1976</option>
          <option value="1975" >1975</option>
          <option value="1974" >1974</option>
          <option value="1973" >1973</option>
          <option value="1972" >1972</option>
          <option value="1971" >1971</option>
          <option value="1970" >1970</option>
          <option value="1969" >1969</option>
          <option value="1968" >1968</option>
          <option value="1967" >1967</option>
          <option value="1966" >1966</option>
          <option value="1965" >1965</option>
          <option value="1964" >1964</option>
          <option value="1963" >1963</option>
          <option value="1962" >1962</option>
          <option value="1961" >1961</option>
          <option value="1960" >1960</option>
          <option value="1959" >1959</option>
          <option value="1958" >1958</option>
          <option value="1957" >1957</option>
          <option value="1956" >1956</option>
          <option value="1955" >1955</option>
          <option value="1954" >1954</option>
          <option value="1953" >1953</option>
          <option value="1952" >1952</option>
          <option value="1951" >1951</option>
          <option value="1950" >1950</option>
          <option value="1949" >1949</option>
          <option value="1948" >1948</option>
          <option value="1947" >1947</option>
          <option value="1946" >1946</option>
          <option value="1945" >1945</option>
          <option value="1944" >1944</option>
          <option value="1943" >1943</option>
          <option value="1942" >1942</option>
          <option value="1941" >1941</option>
          <option value="1940" >1940</option>
          <option value="1939" >1939</option>
          <option value="1938" >1938</option>
          <option value="1937" >1937</option>
          <option value="1936" >1936</option>
          <option value="1935" >1935</option>
          <option value="1934" >1934</option>
          <option value="1933" >1933</option>
          <option value="1932" >1932</option>
          <option value="1931" >1931</option>
          <option value="1930" >1930</option>
          <option value="1929" >1929</option>
          <option value="1928" >1928</option>
          <option value="1927" >1927</option>
          <option value="1926" >1926</option>
          <option value="1925" >1925</option>
          <option value="1924" >1924</option>
          <option value="1923" >1923</option>
          <option value="1922" >1922</option>
          <option value="1921" >1921</option>
          <option value="1920" >1920</option>
          <option value="1919" >1919</option>
          <option value="1918" >1918</option>
          <option value="1917" >1917</option>
          <option value="1916" >1916</option>
          <option value="1915" >1915</option>
          <option value="1914" >1914</option>
          <option value="1913" >1913</option>
          <option value="1912" >1912</option>
          <option value="1911" >1911</option>
          <option value="1910" >1910</option>
          <option value="1909" >1909</option>
          <option value="1908" >1908</option>
          <option value="1907" >1907</option>
          <option value="1906" >1906</option>
          <option value="1905" >1905</option>
        </select>
      </span>
      <span>
        <label>Month:</label>
        <select class="check-in__select" name="month" disabled>
          <option value="">Month</option>
          <option value="1" >January</option>
          <option value="2" >February</option>
          <option value="3" >March</option>
          <option value="4" >April</option>
          <option value="5" >May</option>
          <option value="6" >June</option>
          <option value="7" >July</option>
          <option value="8" >August</option>
          <option value="9" >September</option>
          <option value="10" >October</option>
          <option value="11" >November</option>
          <option value="12" >December</option>
        </select>
      </span>
      <span>
        <label>Day:</label>
        <select class="check-in__select" name="day" disabled>
          <option value="">Day</option>
          <option value="1" >1</option>
          <option value="2" >2</option>
          <option value="3" >3</option>
          <option value="4" >4</option>
          <option value="5" >5</option>
          <option value="6" >6</option>
          <option value="7" >7</option>
          <option value="8" >8</option>
          <option value="9" >9</option>
          <option value="10" >10</option>
          <option value="11" >11</option>
          <option value="12" >12</option>
          <option value="13" >13</option>
          <option value="14" >14</option>
          <option value="15" >15</option>
          <option value="16" >16</option>
          <option value="17" >17</option>
          <option value="18" >18</option>
          <option value="19" >19</option>
          <option value="20" >20</option>
          <option value="21" >21</option>
          <option value="22" >22</option>
          <option value="23" >23</option>
          <option value="24" >24</option>
          <option value="25" >25</option>
          <option value="26" >26</option>
          <option value="27" >27</option>
          <option value="28" >28</option>
          <option value="29" >29</option>
          <option value="30" >30</option>
          <option value="31" >31</option>
        </select>
      </span>
      <span>
        <a class="check-in__today" href="javascript:;" data-ol-link-track="CheckInForm|SetDateToday">Today</a>
      </span>
    </div>
    <span class="check-in__actions">
      <button class="check-in__delete-btn cta-btn cta-btn--delete invisible" data-ol-link-track="CheckInForm|DeleteCheckIn">Delete Event</button>
      <button type="submit" class="check-in__submit-btn cta-btn cta-btn--shell" data-ol-link-track="CheckInForm|SubmitCheckIn" disabled>Submit</button>
    </span>
  </form>
</div>

</dialog>






<form class="star-rating-form" id="ratingsForm" method="POST" action="/works/OL25312237W/ratings.json"
      property="reviewRating" typeof="Rating" vocab="http://schema.org/">
  <meta property="worstRating" content="1"/>
  <meta property="bestRating" content="5"/>
  <input type="hidden" value="/books/OL50530408M" name="edition_id"/>
  <input type="hidden" value="true" name="redir"/>
  <div class="review" id="starRatingSection">
    <div class="stars" data-ol-link-track="StarRating|BookRated">
      <input type="submit" value="1" name="rating"
        class="star-1"
        id="star-1" />
      <label class="star star-1 "
        property="worstRating"
        for="star-1">1</label>
      <input type="submit" value="2" name="rating"
        class="star-2"
        id="star-2" />
      <label class="star star-2 "
        for="star-2">2</label>
      <input type="submit" value="3" name="rating"
        class="star-3"
        id="star-3" />
      <label class="star star-3 "
        for="star-3">3</label>
      <input type="submit" value="4" name="rating"
        class="star-4"
        id="star-4" />
      <label class="star star-4 "
        for="star-4">4</label>
      <input type="submit" value="5" name="rating"
        class="star-5"
        id="star-5" />
      <label class="star star-5 "
        property="bestRating"
        for="star-5">5</label>
      
      <span></span>
    </div>
  </div>
  <!-- <span class="star-rating__not-rated">Rate</span> -->
  <button type="submit" class="star-messaging hidden">Clear my rating</button>
</form>


</div>




        <hr>

        
<div class="modal-links">
  








<div class="">
  

<a href="/account/login?redirect=/works/OL25312237W/Control_Your_Mind_and_Master_Your_Feelings" class="observations-modal-link--redirect icon-link" data-ol-link-track=ModalLinkClick|ReviewIcon>
  <img class="icon-link__image" src="/static/images/icons/reviews.svg">
  <div class="icon-link__text">Review</div>
</a>



</div>

  
  

<form class="star-rating-form" id="ratingsForm" method="POST" action="/works/OL25312237W/ratings.json"
      property="reviewRating" typeof="Rating" vocab="http://schema.org/">
  <meta property="worstRating" content="1"/>
  <meta property="bestRating" content="5"/>
  <input type="hidden" value="/books/OL50530408M" name="edition_id"/>
  <input type="hidden" value="true" name="redir"/>
  <div class="review" id="starRatingSection">
    <div class="stars" data-ol-link-track="StarRating|BookRated">
      <input type="submit" value="1" name="rating"
        class="star-1"
        id="star-1" />
      <label class="star star-1 "
        property="worstRating"
        for="star-1">1</label>
      <input type="submit" value="2" name="rating"
        class="star-2"
        id="star-2" />
      <label class="star star-2 "
        for="star-2">2</label>
      <input type="submit" value="3" name="rating"
        class="star-3"
        id="star-3" />
      <label class="star star-3 "
        for="star-3">3</label>
      <input type="submit" value="4" name="rating"
        class="star-4"
        id="star-4" />
      <label class="star star-4 "
        for="star-4">4</label>
      <input type="submit" value="5" name="rating"
        class="star-5"
        id="star-5" />
      <label class="star star-5 "
        property="bestRating"
        for="star-5">5</label>
      
      <span></span>
    </div>
  </div>
  <!-- <span class="star-rating__not-rated">Rate</span> -->
  <button type="submit" class="star-messaging hidden">Clear my rating</button>
</form>

  
  








<div class="">
  

<a href="/account/login?redirect=/works/OL25312237W/Control_Your_Mind_and_Master_Your_Feelings" class="notes-modal-link--redirect icon-link" data-ol-link-track=ModalLinkClick|NoteIcon>
  <img class="icon-link__image" src="/static/images/icons/notes.svg">
  <div class="icon-link__text">Notes</div>
</a>



  <div class="hidden">
    <div id="sidebar-notes-metadata-form" class="floaterAdd metadata-form" data-context="{&quot;id&quot;: &quot;sidebar-notes&quot;}">
      <div class="floaterHead">
        <h2>My Book Notes</h2>
        <a class="dialog--close">&times;<span class="shift">Close</span></a>
      </div>
      <form class="book-notes-form" method="POST" action="/works/OL25312237W/notes.json">
        <p>My private notes about this edition:</p>
        <div>
          <textarea class="notes-modal-textarea" name="notes" rows="10"></textarea>
        </div>
        <input type="hidden" name="work_id" value="OL25312237W" />
        <input type="hidden" name="edition_id" value="OL50530408M" />
        <div class="note-form-buttons">
          <button class="delete-note-button cta-btn cta-btn--delete hidden" type="button">Delete Note</button>
          <button class="update-note-button cta-btn cta-btn--shell">Save Note</button>
        </div>
      </form>
    </div>
  </div>
</div>

  
  





<div class="share-modal-wrapper">
  <a href="javascript:;" class="share-modal-link icon-link" data-ol-link-track=ModalLinkClick|ShareIcon>
  <img class="icon-link__image" src="/static/images/icons/share.svg">
  <div class="icon-link__text">Share</div>
</a>



  <div class="hidden">
    <div id="social-modal-content" class="floaterAdd">
      <div class="content">
        <div class="floaterHead right-justify">
          <a class="dialog--close">&times;<span class="shift">Close</span></a>
        </div>
        <div class="shareLinks cta-section">
          <ul class="shareLinks-list">
              <li>
                <a href="https://www.facebook.com/sharer/sharer.php?u=https%3A%2F%2Fopenlibrary.org%2Fworks%2FOL25312237W%2FControl_Your_Mind_and_Master_Your_Feelings%3Fedition%3Dkey%25253A%252Fbooks%252FOL33899062M" class="sansserif large" target="_blank"
                  data-ol-link-track="Share|Facebook">
                  <img
                    title="Share on Facebook"
                    alt="Facebook" class="share-link"
                    src="/static/images/facebook.svg?v=2221df78e6776d3671b56fbed6732cd7"
                    loading="lazy"
                  >
                </a>
                <div class="share-source">Facebook</div>
              </li>
              
              <li>
                <a href="https://twitter.com/intent/tweet?url=https%3A%2F%2Fopenlibrary.org%2Fworks%2FOL25312237W%2FControl_Your_Mind_and_Master_Your_Feelings%3Fedition%3Dkey%25253A%252Fbooks%252FOL33899062M&amp;via=openlibrary&amp;text=Check+this+out%3A+Control+Your+Mind+and+Master+Your+Feelings+by+Eric+Robertson+-+undifferentiated" class="sansserif large" target="_blank"
                  data-ol-link-track="Share|Twitter">
                  <img
                    title="Share on Twitter"
                    alt="Twitter" class="share-link"
                    src="/static/images/twitter.svg?v=ec50fd8c4aa8205ba33750f580e76a5b"
                    loading="lazy"
                  >
                </a>
                <div class="share-source">Twitter</div>
              </li>
              
              <li>
                <a href="https://pinterest.com/pin/create/link/?url=https%3A%2F%2Fopenlibrary.org%2Fworks%2FOL25312237W%2FControl_Your_Mind_and_Master_Your_Feelings%3Fedition%3Dkey%25253A%252Fbooks%252FOL33899062M&amp;description=Check+this+out%3A+Control+Your+Mind+and+Master+Your+Feelings+by+Eric+Robertson+-+undifferentiated" class="sansserif large" target="_blank"
                  data-ol-link-track="Share|Pinterest">
                  <img
                    title="Share on Pinterest"
                    alt="Pinterest" class="share-link"
                    src="/static/images/pinterest.svg?v=df62fe57a8c7caabbcc722e7b59b7367"
                    loading="lazy"
                  >
                </a>
                <div class="share-source">Pinterest</div>
              </li>
              
            <li>
              
              <a class="embed-work-btn" title="Embed this book in your website" data-ol-link-track="Share|Embed"
                onclick="prompt('Copy embed code to clipboard:', '&lt;iframe frameborder=&quot;0&quot; width=&quot;165&quot; height=&quot;400&quot; src=&quot;//openlibrary.orghttps://openlibrary.org/books/OL50530408M/widget&quot;&gt;&lt;/iframe&gt;');">
                <img
                  alt="Embed icon"
                  class="share-link"
                  src="/static/images/embed.png?v=3cfbbb4731c6f5c37e543bc98579f357"
                  loading="lazy"
                >
              </a>
              <div class="share-source">Embed</div>
            </li>

            <li>
              <a class="copy-url-btn" title="Copy url to clipboard" data-ol-link-track="Share|CopyURL">
                  <img
                      alt="Copy URL icon"
                      class="share-link"
                      src="/static/images/copy_url.png?v=ee1e83c926d101bcf002dbfd4801f7e2"
                      loading="lazy"
                  >
              </a>
              <div class="share-source">Copy URL</div>
            </li>

          </ul>
        </div>
      </div>
    </div>
  </div>
</div>

</div>


        <div class="readers-stats__wrapper mobile">
          

<ul class="readers-stats  " itemprop="aggregateRating" itemscope itemtype="https://schema.org/AggregateRating">
  <li class="avg-ratings" onclick="location.href='#starRatingSection';" data-ol-link-track="StarRating|StatsComponentClick">
    <span class="readers-stats__star">★</span><span class="readers-stats__star">★</span><span class="readers-stats__star">★</span>
    <span class="readers-stats__star--half">★</span>
    <span itemprop="ratingValue">3.74</span>
    <span class="dot">·</span>
  </li>

  <li class="readers-stats__review-count">
    <span itemprop="reviewCount">212</span> Ratings
  </li>
  <li class="reading-log-stat"><span class="readers-stats__stat">7359</span> <span class="readers-stats__label">Want to read</span></li>
  <li class="reading-log-stat"><span class="readers-stats__stat">576</span> <span class="readers-stats__label">Currently reading</span></li>
  <li class="reading-log-stat"><span class="readers-stats__stat">281</span> <span class="readers-stats__label">Have read</span></li>
</ul>


          <hr>
          
<div class="modal-links">
  








<div class="">
  

<a href="/account/login?redirect=/works/OL25312237W/Control_Your_Mind_and_Master_Your_Feelings" class="observations-modal-link--redirect icon-link" data-ol-link-track=ModalLinkClick|ReviewIcon>
  <img class="icon-link__image" src="/static/images/icons/reviews.svg">
  <div class="icon-link__text">Review</div>
</a>



</div>

  
  

<form class="star-rating-form" id="ratingsForm" method="POST" action="/works/OL25312237W/ratings.json"
      property="reviewRating" typeof="Rating" vocab="http://schema.org/">
  <meta property="worstRating" content="1"/>
  <meta property="bestRating" content="5"/>
  <input type="hidden" value="/books/OL50530408M" name="edition_id"/>
  <input type="hidden" value="true" name="redir"/>
  <div class="review" id="starRatingSection">
    <div class="stars" data-ol-link-track="StarRating|BookRated">
      <input type="submit" value="1" name="rating"
        class="star-1"
        id="star-1" />
      <label class="star star-1 "
        property="worstRating"
        for="star-1">1</label>
      <input type="submit" value="2" name="rating"
        class="star-2"
        id="star-2" />
      <label class="star star-2 "
        for="star-2">2</label>
      <input type="submit" value="3" name="rating"
        class="star-3"
        id="star-3" />
      <label class="star star-3 "
        for="star-3">3</label>
      <input type="submit" value="4" name="rating"
        class="star-4"
        id="star-4" />
      <label class="star star-4 "
        for="star-4">4</label>
      <input type="submit" value="5" name="rating"
        class="star-5"
        id="star-5" />
      <label class="star star-5 "
        property="bestRating"
        for="star-5">5</label>
      
      <span></span>
    </div>
  </div>
  <!-- <span class="star-rating__not-rated">Rate</span> -->
  <button type="submit" class="star-messaging hidden">Clear my rating</button>
</form>

  
  








<div class="">
  

<a href="/account/login?redirect=/works/OL25312237W/Control_Your_Mind_and_Master_Your_Feelings" class="notes-modal-link--redirect icon-link" data-ol-link-track=ModalLinkClick|NoteIcon>
  <img class="icon-link__image" src="/static/images/icons/notes.svg">
  <div class="icon-link__text">Notes</div>
</a>



  <div class="hidden">
    <div id="sidebar-notes-metadata-form" class="floaterAdd metadata-form" data-context="{&quot;id&quot;: &quot;sidebar-notes&quot;}">
      <div class="floaterHead">
        <h2>My Book Notes</h2>
        <a class="dialog--close">&times;<span class="shift">Close</span></a>
      </div>
      <form class="book-notes-form" method="POST" action="/works/OL25312237W/notes.json">
        <p>My private notes about this edition:</p>
        <div>
          <textarea class="notes-modal-textarea" name="notes" rows="10"></textarea>
        </div>
        <input type="hidden" name="work_id" value="OL25312237W" />
        <input type="hidden" name="edition_id" value="OL50530408M" />
        <div class="note-form-buttons">
          <button class="delete-note-button cta-btn cta-btn--delete hidden" type="button">Delete Note</button>
          <button class="update-note-button cta-btn cta-btn--shell">Save Note</button>
        </div>
      </form>
    </div>
  </div>
</div>

  
  





<div class="share-modal-wrapper">
  <a href="javascript:;" class="share-modal-link icon-link" data-ol-link-track=ModalLinkClick|ShareIcon>
  <img class="icon-link__image" src="/static/images/icons/share.svg">
  <div class="icon-link__text">Share</div>
</a>



  <div class="hidden">
    <div id="social-modal-content" class="floaterAdd">
      <div class="content">
        <div class="floaterHead right-justify">
          <a class="dialog--close">&times;<span class="shift">Close</span></a>
        </div>
        <div class="shareLinks cta-section">
          <ul class="shareLinks-list">
              <li>
                <a href="https://www.facebook.com/sharer/sharer.php?u=https%3A%2F%2Fopenlibrary.org%2Fworks%2FOL25312237W%2FControl_Your_Mind_and_Master_Your_Feelings%3Fedition%3Dkey%25253A%252Fbooks%252FOL33899062M" class="sansserif large" target="_blank"
                  data-ol-link-track="Share|Facebook">
                  <img
                    title="Share on Facebook"
                    alt="Facebook" class="share-link"
                    src="/static/images/facebook.svg?v=2221df78e6776d3671b56fbed6732cd7"
                    loading="lazy"
                  >
                </a>
                <div class="share-source">Facebook</div>
              </li>
              
              <li>
                <a href="https://twitter.com/intent/tweet?url=https%3A%2F%2Fopenlibrary.org%2Fworks%2FOL25312237W%2FControl_Your_Mind_and_Master_Your_Feelings%3Fedition%3Dkey%25253A%252Fbooks%252FOL33899062M&amp;via=openlibrary&amp;text=Check+this+out%3A+Control+Your+Mind+and+Master+Your+Feelings+by+Eric+Robertson+-+undifferentiated" class="sansserif large" target="_blank"
                  data-ol-link-track="Share|Twitter">
                  <img
                    title="Share on Twitter"
                    alt="Twitter" class="share-link"
                    src="/static/images/twitter.svg?v=ec50fd8c4aa8205ba33750f580e76a5b"
                    loading="lazy"
                  >
                </a>
                <div class="share-source">Twitter</div>
              </li>
              
              <li>
                <a href="https://pinterest.com/pin/create/link/?url=https%3A%2F%2Fopenlibrary.org%2Fworks%2FOL25312237W%2FControl_Your_Mind_and_Master_Your_Feelings%3Fedition%3Dkey%25253A%252Fbooks%252FOL33899062M&amp;description=Check+this+out%3A+Control+Your+Mind+and+Master+Your+Feelings+by+Eric+Robertson+-+undifferentiated" class="sansserif large" target="_blank"
                  data-ol-link-track="Share|Pinterest">
                  <img
                    title="Share on Pinterest"
                    alt="Pinterest" class="share-link"
                    src="/static/images/pinterest.svg?v=df62fe57a8c7caabbcc722e7b59b7367"
                    loading="lazy"
                  >
                </a>
                <div class="share-source">Pinterest</div>
              </li>
              
            <li>
              
              <a class="embed-work-btn" title="Embed this book in your website" data-ol-link-track="Share|Embed"
                onclick="prompt('Copy embed code to clipboard:', '&lt;iframe frameborder=&quot;0&quot; width=&quot;165&quot; height=&quot;400&quot; src=&quot;//openlibrary.orghttps://openlibrary.org/books/OL50530408M/widget&quot;&gt;&lt;/iframe&gt;');">
                <img
                  alt="Embed icon"
                  class="share-link"
                  src="/static/images/embed.png?v=3cfbbb4731c6f5c37e543bc98579f357"
                  loading="lazy"
                >
              </a>
              <div class="share-source">Embed</div>
            </li>

            <li>
              <a class="copy-url-btn" title="Copy url to clipboard" data-ol-link-track="Share|CopyURL">
                  <img
                      alt="Copy URL icon"
                      class="share-link"
                      src="/static/images/copy_url.png?v=ee1e83c926d101bcf002dbfd4801f7e2"
                      loading="lazy"
                  >
              </a>
              <div class="share-source">Copy URL</div>
            </li>

          </ul>
        </div>
      </div>
    </div>
  </div>
</div>

</div>

        </div>

      </div>
    </div>

    <div class="panel desktop-vendor">
      <div class="btn-notice">
        


        <div class="cta-section">
          <p class="cta-section-title">Buy this book</p>
          
<span class="affiliate-links-section" data-title="Control Your Mind and Master Your Feelings" data-opts="{&quot;isbn&quot;: null, &quot;asin&quot;: null, &quot;prices&quot;: true}">
  
<div class="hidden loadingIndicator affiliate-links-loading">
  <figure>
  <img src="/images/ajax-loader-bar.gif" alt="Loading indicator" loading="lazy">
  <figcaption style="
      justify-content: center;
      display: flex;
  ">Fetching prices</figcaption>
  </figure>
</div>

</span>

        </div>
      </div>
    </div>

  </div>
</div>

    </div>

    <div class="editionAbout">
      

<span class="nav-bar-wrapper sticky desktop-only">
  <ul class="nav-bar work-menu">
    <li class="selected">
      <a href="#overview" data-ol-link-track="BookPageNav|Overview">Overview</a>
    </li>
    <li>
      <a href="#editions-list" data-ol-link-track="BookPageNav|EditionTable">
        View 2 Editions
      </a>
    </li>
    <li>
      <a href="#details" data-ol-link-track="BookPageNav|Details">Details</a>
    </li>
    <li>
      <a href="#reader-observations" data-ol-link-track="BookPageNav|Reviews">
        17 Reviews
      </a>
    </li>
    <li>
      <a href="#lists-section" data-ol-link-track="BookPageNav|Lists">Lists</a>
    </li>
    <li>
      <a href="#related-work-carousel" data-ol-link-track="BookPageNav|RelatedBooks">Related Books</a>
    </li>
  </ul>
</span>

      <div class="editionAll">
        
<div id="editTools" class="edit">
    <div id="editInfo">
        <div class="brown smaller sansserif">Last edited by <a rel="nofollow" href="/people/user76289" >Ruslana Binko</a></div>
        <div class="smallest gray sansserif">September 20, 2023 | <a href="/works/OL25312237W/Control_Your_Mind_and_Master_Your_Feelings?m=history" rel="nofollow" title="View this template's edit history">History</a></div>
    </div>
    <div class="editButton">
      <!-- FIXME: accesskey / keyboard shortcut needs i18n -->
      <a
        class="cta-btn cta-btn--vanilla"
        href="/books/OL50530408M/Control_Your_Mind_and_Master_Your_Feelings/edit?work_key=/works/OL25312237W"
        title="Edit this template"
        data-ol-link-track="CTAClick|Edit"
        accesskey="e"
        rel="nofollow"
    >Edit</a>
    </div>
</div>

      </div>
      <a id="overview" name="overview" class="section-anchor section-anchor--no-height"></a>
      <!-- (desktop only) -->
      
<div class="work-title-and-author desktop">
  <span>
    <div class="work-line">
        An edition of <a href="/works/OL25312237W?edition=">Control Your Mind and Master Your Feelings</a>
        <span class="first-published-date" title="First published in 2018">
          (2018)
        </span>
    </div>
    <h1 class="work-title" itemprop="name">Control Your Mind and Master Your Feelings</h1>

    <h2 class="edition-byline">
      
by <a href="/authors/OL1573400A/Eric_Robertson_-_undifferentiated" itemprop="author">Eric Robertson - undifferentiated</a>

    </h2>
    

<ul class="readers-stats  " itemprop="aggregateRating" itemscope itemtype="https://schema.org/AggregateRating">
  <li class="avg-ratings" onclick="location.href='#starRatingSection';" data-ol-link-track="StarRating|StatsComponentClick">
    <span class="readers-stats__star">★</span><span class="readers-stats__star">★</span><span class="readers-stats__star">★</span>
    <span class="readers-stats__star--half">★</span>
    <span itemprop="ratingValue">3.74</span>
    <span class="dot">·</span>
  </li>

  <li class="readers-stats__review-count">
    <span itemprop="reviewCount">212</span> Ratings
  </li>
  <li class="reading-log-stat"><span class="readers-stats__stat">7359</span> <span class="readers-stats__label">Want to read</span></li>
  <li class="reading-log-stat"><span class="readers-stats__stat">576</span> <span class="readers-stats__label">Currently reading</span></li>
  <li class="reading-log-stat"><span class="readers-stats__stat">281</span> <span class="readers-stats__label">Have read</span></li>
</ul>

  </span>

</div>


      
<div class="compact-title hidden">
  <span class="compact-title__heading">Control Your Mind and Master Your Feelings</span>
  <div class="compact-title__edit-btn">
    <a
      class="linkButton linkButton--large"
      href="/books/OL50530408M/Control_Your_Mind_and_Master_Your_Feelings/edit"
      title="Edit this template"
      data-ol-link-track="CTAClick|StickyEdit"
      rel="nofollow"
    >Edit</a>
  </div>
</div>


      <div class="book-description read-more">
          <div class="read-more__content" style="max-height:58px">
              
<p>We oftentimes look towards the outside world to find the roots of our problems. However, most of the times, we should be looking inwards. Our mind and our emotions determine our state of being in the present moment. If those aspects are left unchecked, we can get easily overwhelmed and are left feeling unfulfilled every single day.
</p>
<p>This book contains two manuscripts designed to help you discover the best and most efficient way to control your thoughts and master your feelings.
</p>
<p>In the first part of the bundle called Breaking Overthinking, you will discover:
</p>
<p>How overthinking can be detrimental to your social life. <br/>
   The hidden dangers of overthinking and what can happen to you if it’s left untreated. <br/>
   How to declutter your mind from all the noise of the modern world. <br/>
   How overthinking affects your body, your energy levels, and your everyday mood. <br/>
   How your surroundings affect your state of mind, and what you NEED to do in order to break out of that state. <br/>
   Bad habits we perform every day and don’t even realize are destroying our sanity (and how to overcome them properly). <br/>
   How to cut out toxic people from your life, which cloud your judgment and make you feel miserable.
</p>

          </div>
          <button class="read-more__toggle read-more__toggle--more">Read more &#9662</button>
<button class="read-more__toggle read-more__toggle--less">Read less &#9650</button>

      </div>
      <div>
        <div class="edition-omniline">
          <div class="edition-omniline-item">
            <div>Publish Date</div>
            <span itemprop="datePublished">2023</span>
          </div>
          <div class="edition-omniline-item">
            <div>Publisher</div>
            <span>
            <a itemprop="publisher" href="/publishers/Rabi_saroj"
               title="Show other books from Rabi saroj"
               >Rabi saroj</a>
            </span>
          </div>
        </div>
      </div>

      <div class="Tools">
        <div class="panel mobile-vendor">
          <div class="btn-notice">
            


            <div class="cta-section">
              <p class="cta-section-title">Buy this book</p>
              
<span class="affiliate-links-section" data-title="Control Your Mind and Master Your Feelings" data-opts="{&quot;isbn&quot;: null, &quot;asin&quot;: null, &quot;prices&quot;: true}">
  
<div class="hidden loadingIndicator affiliate-links-loading">
  <figure>
  <img src="/images/ajax-loader-bar.gif" alt="Loading indicator" loading="lazy">
  <figcaption style="
      justify-content: center;
      display: flex;
  ">Fetching prices</figcaption>
  </figure>
</div>

</span>

            </div>
          </div>
        </div>
      </div>

    <div class="subjects">
      <div class="subjects-content">
        
<div class="section link-box">
  <span class="clamp" data-before="&#9656; ">
  <h6>Subjects</h6>
    <a href="/subjects/self-help" data-ol-link-track="BookOverview|SubjectClick">Self-help</a>,
    <a href="/subjects/personal_development" data-ol-link-track="BookOverview|SubjectClick">personal development</a>,
    <a href="/subjects/emotional_intelligence" data-ol-link-track="BookOverview|SubjectClick">emotional intelligence</a>,
    <a href="/subjects/mindfulness" data-ol-link-track="BookOverview|SubjectClick">mindfulness</a>,
    <a href="/subjects/meditation" data-ol-link-track="BookOverview|SubjectClick">meditation</a>,
    <a href="/subjects/cognitive_behavioral_therapy" data-ol-link-track="BookOverview|SubjectClick">cognitive behavioral therapy</a>,
    <a href="/subjects/cbt" data-ol-link-track="BookOverview|SubjectClick">CBT</a>,
    <a href="/subjects/anxiety" data-ol-link-track="BookOverview|SubjectClick">anxiety</a>,
    <a href="/subjects/depression" data-ol-link-track="BookOverview|SubjectClick">depression</a>,
    <a href="/subjects/anger_management" data-ol-link-track="BookOverview|SubjectClick">anger management</a>,
    <a href="/subjects/stress_management" data-ol-link-track="BookOverview|SubjectClick">stress management</a>,
    <a href="/subjects/positive_thinking" data-ol-link-track="BookOverview|SubjectClick">positive thinking</a>,
    <a href="/subjects/self-control" data-ol-link-track="BookOverview|SubjectClick">self-control</a>,
    <a href="/subjects/mental_health" data-ol-link-track="BookOverview|SubjectClick">mental health</a>,
    <a href="/subjects/emotional_well-being" data-ol-link-track="BookOverview|SubjectClick">emotional well-being</a>
  </span>
</div>






      </div>
    </div>

      <a id="editions-list" name="editions-list" class="section-anchor"></a>
      <div class="tab-section">
        

<p class="small sansserif featured-count">

  Showing 2 featured editions.
  <a href="?mode=all">View all 2 editions?</a>
</p>
<table id="editions" class="editions-table editions-table--progressively-enhanced">
    <thead>
    <tr>
        <th class="title" title=""><a href="javascript:;">Edition<span></span></a></th>
        <th class="read" title=""><a href="javascript:;">Availability<span></span></a></th>
    </tr>
    </thead>
    <tbody>
        <tr class="highlight">
          
          








    <td class="book">
      <span class="hidden sort-key">1</span>
      <div class="cover">
          <a href="/books/OL50530408M/Control_Your_Mind_and_Master_Your_Feelings"><img
            src="/images/icons/avatar_book-sm.png"
            alt="Cover of: Control Your Mind and Master Your Feelings"
            title="Cover of: Control Your Mind and Master Your Feelings"
            loading="lazy"
          /></a>
      </div>

      <div class="title">
        <a href="/books/OL50530408M/Control_Your_Mind_and_Master_Your_Feelings">
          Control Your Mind and Master Your Feelings
        </a>
        
        
        <div class="published">
          2023, Rabi saroj
        </div>

        <div class="format">
          <!-- TODO: this section is going to be difficult to properly internationalize -->
          <!-- Formats are store as a raw string -->
          
        </div>

        <div class="hidden">
                 
        </div>

      </div>
    </td>


    <td class="icon read ">
      <div class="hidden">aaaa</div>
      <div class="links">
        <ul class="read">
          
          <li class="read-option">





















<div class="cta-button-group">
  <span class="cta-btn cta-btn--no-pointer">Not in Library</span>
</div>



</li>
        </ul>
      </div>
    </td>

        </tr>
        <tr>
          








    <td class="book">
      <span class="hidden sort-key">2</span>
      <div class="cover">
          <a href="/books/OL33899062M/Control_Your_Mind_and_Master_Your_Feelings"><img
            src="//covers.openlibrary.org/b/id/12009823-S.jpg"
            alt="Cover of: Control Your Mind and Master Your Feelings"
            title="Cover of: Control Your Mind and Master Your Feelings"
            loading="lazy"
          /></a>
      </div>

      <div class="title">
        <a href="/books/OL33899062M/Control_Your_Mind_and_Master_Your_Feelings">
          Control Your Mind and Master Your Feelings: This Book Includes - Break Overthinking &amp; Master Your Emotions
        </a>
        
        
        <div class="published">
          2018, Erik Robertson |||
        </div>

        <div class="format">
          <!-- TODO: this section is going to be difficult to properly internationalize -->
          <!-- Formats are store as a raw string -->
          Paperback
          in <a href="/languages/eng">English</a>
          - body controll
        </div>

        <div class="hidden">
                1691706639 9781691706631
        </div>

      </div>
    </td>


    <td class="icon read inact">
      <div class="hidden">zzzz</div>
      <div class="links">
        <ul class="read">
          
          <li class="read-option">





















<div class="cta-button-group">
  <a
    class="cta-btn"
    href="/books/OL33899062M"
    data-ol-link-track="CTAClick|NotInLibrary"
  >Not in Library</a>
</div>




</li>
        </ul>
        <div class="editions-table__links">
            <span>Libraries near you:</span>
            <a href="

https://worldcat.org/isbn/1691706639
"
               title="Look for this edition at WorldCat">WorldCat</a>
        </div>
      </div>
    </td>

        </tr>
    </tbody>
</table>

<p class="small sansserif edition-adder">
  <a href="/books/add?work=/works/OL25312237W" title="Add another edition of Control Your Mind and Master Your Feelings">Add another edition?</a>
</p>

<!-- Admin only text doesn't need to be translated -->

      </div>

      <a id="details" name="details" class="section-anchor"></a>
      <div class="tab-section edition-info">
        <h2 class="details-title" itemprop="name">Book Details</h2>
        <hr>
        <div class="section">
          <h3 class="list-header collapse">ID Numbers</h3>
          <dl class="meta">
              <!-- FIXME: Identifier names need to be translated (I18N) -->
<dt>Open Library</dt>
<dd class="object" >
    OL50530408M
</dd>


          
          </dl>
        </div>
      </div>

      
<a id="reader-observations" name="reader-observations" class="section-anchor"></a>

<div class="tab-section review-component">
  <div class="reviews-header">
    <h2 class="observation-title">Community Reviews (17)</h2>
    <a class="observations-feedback" href="https://forms.gle/wEr1dw3tLQYrC7Rr6">Feedback?</a>
  </div>
  <div class="reviews">
  <span class="review__category">
    <span class="reviews__label" title="How would you rate the pacing of this book?">Pace <span class="reviews__count">5</span></span>
    <span class="reviews__pill">
      <span class="reviews__value">
        Slow paced
      </span>
      <span class="percentage">
        37%
      </span>
    </span>
    <span class="reviews__pill">
      <span class="reviews__value">
        Medium paced
      </span>
      <span class="percentage">
        37%
      </span>
    </span>
    <span class="reviews__pill">
      <span class="reviews__value">
        Meandering
      </span>
      <span class="percentage">
        12%
      </span>
    </span>
    <span class="reviews__pill">
      <span class="reviews__value">
        Fast paced
      </span>
      <span class="percentage">
        12%
      </span>
    </span>
  </span>
  <span class="review__category">
    <span class="reviews__label" title="How much did you enjoy reading this book?">Enjoyability <span class="reviews__count">2</span></span>
    <span class="reviews__pill">
      <span class="reviews__value">
        Neutral
      </span>
      <span class="percentage">
        40%
      </span>
    </span>
    <span class="reviews__pill">
      <span class="reviews__value">
        Boring
      </span>
      <span class="percentage">
        20%
      </span>
    </span>
    <span class="reviews__pill">
      <span class="reviews__value">
        Engaging
      </span>
      <span class="percentage">
        20%
      </span>
    </span>
    <span class="reviews__pill">
      <span class="reviews__value">
        Exciting
      </span>
      <span class="percentage">
        20%
      </span>
    </span>
  </span>
  <span class="review__category">
    <span class="reviews__label" title="How clearly was this book written and presented?">Clarity <span class="reviews__count">2</span></span>
    <span class="reviews__pill">
      <span class="reviews__value">
        Clearly written
      </span>
      <span class="percentage">
        16%
      </span>
    </span>
    <span class="reviews__pill">
      <span class="reviews__value">
        Well organized
      </span>
      <span class="percentage">
        16%
      </span>
    </span>
    <span class="reviews__pill">
      <span class="reviews__value">
        Confusing
      </span>
      <span class="percentage">
        16%
      </span>
    </span>
    <span class="reviews__pill">
      <span class="reviews__value">
        Disorganized
      </span>
      <span class="percentage">
        16%
      </span>
    </span>
    <span class="reviews__pill">
      <span class="reviews__value">
        Dense
      </span>
      <span class="percentage">
        8%
      </span>
    </span>
    <span class="reviews__pill">
      <span class="reviews__value">
        Effective explanations
      </span>
      <span class="percentage">
        8%
      </span>
    </span>
    <span class="reviews__pill">
      <span class="reviews__value">
        Succinct
      </span>
      <span class="percentage">
        8%
      </span>
    </span>
    <span class="reviews__pill">
      <span class="reviews__value">
        Incomprehensible
      </span>
      <span class="percentage">
        8%
      </span>
    </span>
  </span>
  <span class="review__category">
    <span class="reviews__label" title="How would you rate the difficulty of this book for a general audience?">Difficulty <span class="reviews__count">2</span></span>
    <span class="reviews__pill">
      <span class="reviews__value">
        Advanced
      </span>
      <span class="percentage">
        22%
      </span>
    </span>
    <span class="reviews__pill">
      <span class="reviews__value">
        Layman
      </span>
      <span class="percentage">
        22%
      </span>
    </span>
    <span class="reviews__pill">
      <span class="reviews__value">
        Expert
      </span>
      <span class="percentage">
        11%
      </span>
    </span>
    <span class="reviews__pill">
      <span class="reviews__value">
        Intermediate
      </span>
      <span class="percentage">
        11%
      </span>
    </span>
    <span class="reviews__pill">
      <span class="reviews__value">
        Beginner
      </span>
      <span class="percentage">
        11%
      </span>
    </span>
    <span class="reviews__pill">
      <span class="reviews__value">
        University
      </span>
      <span class="percentage">
        11%
      </span>
    </span>
    <span class="reviews__pill">
      <span class="reviews__value">
        Juvenile
      </span>
      <span class="percentage">
        11%
      </span>
    </span>
  </span>
  <span class="review__category">
    <span class="reviews__label" title="What are the genres of this book?">Genres <span class="reviews__count">3</span></span>
    <span class="reviews__pill">
      <span class="reviews__value">
        Fiction
      </span>
      <span class="percentage">
        14%
      </span>
    </span>
    <span class="reviews__pill">
      <span class="reviews__value">
        Research
      </span>
      <span class="percentage">
        14%
      </span>
    </span>
    <span class="reviews__pill">
      <span class="reviews__value">
        Technical
      </span>
      <span class="percentage">
        14%
      </span>
    </span>
    <span class="reviews__pill">
      <span class="reviews__value">
        Anthology
      </span>
      <span class="percentage">
        14%
      </span>
    </span>
    <span class="reviews__pill">
      <span class="reviews__value">
        Mystery
      </span>
      <span class="percentage">
        14%
      </span>
    </span>
    <span class="reviews__pill">
      <span class="reviews__value">
        Fantasy
      </span>
      <span class="percentage">
        14%
      </span>
    </span>
    <span class="reviews__pill">
      <span class="reviews__value">
        Sci-fi
      </span>
      <span class="percentage">
        14%
      </span>
    </span>
  </span>
  <span class="review__category">
    <span class="reviews__label" title="What are the moods of this book?">Mood <span class="reviews__count">2</span></span>
    <span class="reviews__pill">
      <span class="reviews__value">
        Emotional
      </span>
      <span class="percentage">
        50%
      </span>
    </span>
    <span class="reviews__pill">
      <span class="reviews__value">
        Inspiring
      </span>
      <span class="percentage">
        50%
      </span>
    </span>
  </span>
  <span class="review__category">
    <span class="reviews__label" title="How did you feel about this book and do you recommend it?">Impressions <span class="reviews__count">3</span></span>
    <span class="reviews__pill">
      <span class="reviews__value">
        Recommend
      </span>
      <span class="percentage">
        100%
      </span>
    </span>
  </span>
  <span class="review__category">
    <span class="reviews__label" title="How would you rate or describe the length of this book?">Length <span class="reviews__count">2</span></span>
    <span class="reviews__pill">
      <span class="reviews__value">
        Long
      </span>
      <span class="percentage">
        50%
      </span>
    </span>
    <span class="reviews__pill">
      <span class="reviews__value">
        Medium
      </span>
      <span class="percentage">
        50%
      </span>
    </span>
  </span>
  <span class="review__category">
    <span class="reviews__label" title="What text features does this book utilize?does this book make use of?">Features <span class="reviews__count">1</span></span>
    <span class="reviews__pill">
      <span class="reviews__value">
        Tables, diagrams, and figures
      </span>
      <span class="percentage">
        100%
      </span>
    </span>
  </span>
  <span class="review__category">
    <span class="reviews__label" title="Does this book contain objectionable content?">Content Warnings <span class="reviews__count">2</span></span>
    <span class="reviews__pill">
      <span class="reviews__value">
        Adult themes
      </span>
      <span class="percentage">
        50%
      </span>
    </span>
    <span class="reviews__pill">
      <span class="reviews__value">
        Insensitivity
      </span>
      <span class="percentage">
        50%
      </span>
    </span>
  </span>
  <span class="review__category">
    <span class="reviews__label" title="What type of verbiage, nomenclature, or symbols are employed in this book?">Style <span class="reviews__count">2</span></span>
    <span class="reviews__pill">
      <span class="reviews__value">
        Technical
      </span>
      <span class="percentage">
        66%
      </span>
    </span>
    <span class="reviews__pill">
      <span class="reviews__value">
        Jargony
      </span>
      <span class="percentage">
        33%
      </span>
    </span>
  </span>
  </div>
  <div class="review-cta">
    <a class="login-link" href="/account/login?redirect=/works/OL25312237W#reader-observations">+ Log in to add your community review</a>
  </div>
</div>

      <a id="lists-section" name="lists-section tab-section" class="section-anchor"></a>
      <div class="workFooter tab-section">
        
        
        <div class="lists-heading">
          <h2 class="lists-title">Lists</h2>
          <a href="/works/OL25312237W/Control_Your_Mind_and_Master_Your_Feelings/lists">See All</a>
        </div>
        <div class="user-book-options">
          <div class="Tools tools-override">
            

<div class="lists-widget-container">



<ul id="list-lists" class="listLists">
  
<li  >
    <span class="image">
      <a href="/people/st_aisyah_muthmainnah/lists/OL249350L"><img src="//covers.openlibrary.org/b/id/12009823-S.jpg" alt="Cover of: Cha" title="Cover of: Cha" loading="lazy"/></a>
    </span>
    <span class="data">
        <span class="label">
            <a href="/people/st_aisyah_muthmainnah/lists/OL249350L" data-list-title="Cha" title="See this list">Cha</a>
        </span>
        <span class="owner">from <a href="/people/st_aisyah_muthmainnah">St Aisyah Muthmainnah</a></span>
    </span>
</li>



<li  >
    <span class="image">
      <a href="/people/ayushi_kumari892/lists/OL249334L"><img src="//covers.openlibrary.org/b/id/12009823-S.jpg" alt="Cover of: Book" title="Cover of: Book" loading="lazy"/></a>
    </span>
    <span class="data">
        <span class="label">
            <a href="/people/ayushi_kumari892/lists/OL249334L" data-list-title="Book" title="See this list">Book</a>
        </span>
        <span class="owner">from <a href="/people/ayushi_kumari892">Ayushi Kumari892</a></span>
    </span>
</li>



<li  >
    <span class="image">
      <a href="/people/shubhangi_pingale/lists/OL249185L"><img src="//covers.openlibrary.org/b/id/12009823-S.jpg" alt="Cover of: Dhanu" title="Cover of: Dhanu" loading="lazy"/></a>
    </span>
    <span class="data">
        <span class="label">
            <a href="/people/shubhangi_pingale/lists/OL249185L" data-list-title="Dhanu" title="See this list">Dhanu</a>
        </span>
        <span class="owner">from <a href="/people/shubhangi_pingale">Shubhangi Pingale</a></span>
    </span>
</li>



</ul>

</div>

            

<div class="lists-widget-container">



<ul id="list-lists" class="listLists">
  
<li  >
    <span class="image">
      <a href="/people/dominic_xaviyer/lists/OL245377L"><img src="/images/icons/avatar_book-sm.png" alt="Cover of: ]]>&#x1f98b;<![CDATA[⁂༄٨ℝﺂ]]>&#x1d598;<![CDATA[]]>&#x1d4ee;<![CDATA[༄⁂]]>&#x1f98b;<![CDATA[" title="Cover of: ]]>&#x1f98b;<![CDATA[⁂༄٨ℝﺂ]]>&#x1d598;<![CDATA[]]>&#x1d4ee;<![CDATA[༄⁂]]>&#x1f98b;<![CDATA[" loading="lazy"/></a>
    </span>
    <span class="data">
        <span class="label">
            <a href="/people/dominic_xaviyer/lists/OL245377L" data-list-title="]]>&#x1f98b;<![CDATA[⁂༄٨ℝﺂ]]>&#x1d598;<![CDATA[]]>&#x1d4ee;<![CDATA[༄⁂]]>&#x1f98b;<![CDATA[" title="See this list">]]>&#x1f98b;<![CDATA[⁂༄٨ℝﺂ]]>&#x1d598;<![CDATA[]]>&#x1d4ee;<![CDATA[༄⁂]]>&#x1f98b;<![CDATA[</a>
        </span>
        <span class="owner">from <a href="/people/dominic_xaviyer">Dominic Xaviyer</a></span>
    </span>
</li>



</ul>

</div>

          </div>
        </div>
      </div>
      <a id="related-work-carousel" name="related-work-carousel tab-section" class="section-anchor"></a>
    </div>
  </div>

  <div class="RelatedWorksCarousel" data-workid="OL25312237W">
    
<div class="hidden loadingIndicator carousel-loading">
  <figure>
  <img src="/images/ajax-loader-bar.gif" alt="Loading indicator" loading="lazy">
  <figcaption style="
      justify-content: center;
      display: flex;
  ">Loading Related Books</figcaption>
  </figure>
</div>

  </div>

  

<div class="clearfix"></div>
<div id="pageHistory">
    <div class="head">
        <h2 class="collapse inline">
            History
        </h2>
        <ul class="pageHistory__list inline">
        <li class="title inline">Created September 27, 2021</li>
        <li class="link inline"><a rel="nofollow" href="/works/OL25312237W/Control_Your_Mind_and_Master_Your_Feelings?m=history">5 revisions</a></li>
        </ul>
        
        <span id="historyTools" class="pageHistory__tools smaller brown sansserif">
            Download catalog record:
            <a rel="nofollow" href="/works/OL25312237W.rdf">RDF</a>
            /
            <a rel="nofollow" href="/works/OL25312237W.json">JSON</a>
        </span>
        
    </div>

    <table class="history">
        <tbody>
            <tr>            <td class="timestamp"><a rel="nofollow" href="/works/OL25312237W?v=5" title="View revision 5">September 20, 2023</a></td>
            <td class="timestamp">
                Edited by <a rel="nofollow" href="/people/user76289" class="truncate" >Ruslana Binko</a>
            </td>
            <td class="detail">

<em>Edited without comment.</em>
</td>
            
</tr>
            <tr>            <td class="timestamp"><a rel="nofollow" href="/works/OL25312237W?v=4" title="View revision 4">August 21, 2023</a></td>
            <td class="timestamp">
                Edited by <a rel="nofollow" href="/people/ScarTissue" class="truncate" >Drini</a>
            </td>
            <td class="detail">

<em>Edited without comment.</em>
</td>
            
</tr>
            <tr>            <td class="timestamp"><a rel="nofollow" href="/works/OL25312237W?v=3" title="View revision 3">October 31, 2022</a></td>
            <td class="timestamp">
                Edited by <a rel="nofollow" href="/people/ImportBot" class="truncate" >ImportBot</a>
            </td>
            <td class="detail">

import existing book
</td>
            
</tr>
            <tr>            <td class="timestamp"><a rel="nofollow" href="/works/OL25312237W?v=2" title="View revision 2">September 27, 2021</a></td>
            <td class="timestamp">
                Edited by <a rel="nofollow" href="/people/manom8670" class="truncate" >Matt Mano</a>
            </td>
            <td class="detail">

<em>Edited without comment.</em>
</td>
            
</tr>
            <tr>            <td class="timestamp"><a rel="nofollow" href="/works/OL25312237W?v=1" title="View revision 1">September 27, 2021</a></td>
            <td class="timestamp">
                Created by <a rel="nofollow" href="/people/manom8670" class="truncate" >Matt Mano</a>
            </td>
            <td class="detail">

Added new book.
</td>
            
</tr>
        </tbody>
    </table>
</div>



</div>


  </div>




<!--For analytics-->
<div class="clearfix"></div>


<footer>
  <div id="footer-content" >
    <div id="footer-links">
      <div>
        <h2>Open Library</h2>
        <ul>
          <li><a href="/about/vision">Vision</a></li>
          <li><a href="/volunteer">Volunteer</a></li>
          <li><a href="/partner-with-us">Partner With Us</a></li>
          <li><a href="https://archive.org/about/jobs.php" title="Jobs">Careers</a></li>
          <li><a href="https://blog.openlibrary.org/">Blog</a></li>
          <li><a href="https://archive.org/about/terms.php">Terms of Service</a></li>
          <li><a href="https://archive.org/donate/?platform=ol&origin=olwww-TopNavDonateButton">Donate</a></li>
        </ul>
      </div>
      <div>
        <h2>Discover</h2>
        <ul>
          <li><a href="/" title="Go home">Home</a></li>
          <li><a href="/search" title="Explore Books">Books</a></li>
          <li><a href="/search/authors" title="Explore authors">Authors</a></li>
          <li><a href="/subjects" title="Explore subjects">Subjects</a></li>
          <li><a href="/collections" title="Explore collections">Collections</a></li>
          <li><a href="/advancedsearch">Advanced Search</a></li>
          <li><a href="#top" title="Navigate to top of this page">Return to Top</a></li>
        </ul>
      </div>
      <div>
        <h2>Develop</h2>
        <ul>
          <li><a href="/developers" title="Explore Open Library Developer Center">Developer Center</a></li>
          <li><a href="/developers/api" title="Explore Open Library APIs">API Documentation</a></li>
          <li><a href="/developers/dumps" title="Bulk Open Library data">Bulk Data Dumps</a></li>
          <li><a href="https://github.com/internetarchive/openlibrary/wiki/Writing-Bots" title="Write a bot">Writing Bots</a></li>
        </ul>
      </div>
      <div>
        <h2>Help</h2>
        <ul>
          <li><a href="/help">Help Center</a></li>
          <li><a href="/contact?path=%2Fworks%2FOL25312237W%3Fedition%3Dkey%25253A%252Fbooks%252FOL33899062M" title="Problems">Report A Problem</a></li>
          <li><a href="/help/faq/editing" title="Suggest Edits">Suggesting Edits</a></li>
          <li><a href="/books/add" title="Add a new book to Open Library">Add a Book</a></li>
          <li><a href="https://github.com/internetarchive/openlibrary/releases" title="Release Notes">Release Notes</a></li>
        </ul>
        <aside>
          <a class="footer-icon" title="Twitter" href="https://twitter.com/OpenLibrary"><img src="/static/images/tweet.svg" alt="" loading="lazy"></a>
          <a class="footer-icon" title="GitHub" href="https://github.com/internetarchive/openlibrary"><img src="/static/images/github.svg" alt="" loading="lazy"></a>
        </aside>
      </div>
      <div>
        <h2>Change Website Language</h2>
        
<ul class="locale-options ">
  <li><a href="#" lang="cs" data-lang-id="cs" title="Czech">Čeština (cs)</a></li>
  <li><a href="#" lang="de" data-lang-id="de" title="German">Deutsch (de)</a></li>
  <li><a href="#" lang="en" data-lang-id="en" title="English">English (en)</a></li>
  <li><a href="#" lang="es" data-lang-id="es" title="Spanish">Español (es)</a></li>
  <li><a href="#" lang="fr" data-lang-id="fr" title="French">Français (fr)</a></li>
  <li><a href="#" lang="hr" data-lang-id="hr" title="Croatian">Hrvatski (hr)</a></li>
  <li><a href="#" lang="it" data-lang-id="it" title="Italian">Italiano (it)</a></li>
  <li><a href="#" lang="pt" data-lang-id="pt" title="Portuguese">Português (pt)</a></li>
  <li><a href="#" lang="hi" data-lang-id="hi" title="Hindi">हिंदी (hi)</a></li>
  <li><a href="#" lang="sc" data-lang-id="sc" title="Sardinian">Sardu (sc)</a></li>
  <li><a href="#" lang="te" data-lang-id="te" title="Telugu">తెలుగు (te)</a></li>
  <li><a href="#" lang="uk" data-lang-id="uk" title="Ukrainian">Українська (uk)</a></li>
  <li><a href="#" lang="zh" data-lang-id="zh" title="Chinese">中文 (zh)</a></li>
</ul>

      </div>
    </div>
    <hr>
    <div id="footer-details">
      <img id="archive-logo" src="/static/images/pantheon.png" alt="Open Library logo" loading="lazy">
      <div id="legal-details" >
        <span>Open Library is an initiative of the <a href="//archive.org/">Internet Archive</a>, a 501(c)(3) non-profit, building a digital library of Internet sites and other cultural artifacts in  digital form. Other <a href="//archive.org/projects/">projects</a> include the <a href="//archive.org/web/">Wayback Machine</a>, <a href="//archive.org/">archive.org</a> and <a href="//archive-it.org">archive-it.org</a></span>
      </div>
      <div id="version-details">
        <span class="version">version <a href="https://github.com/internetarchive/openlibrary/commit/c1e1dfe">c1e1dfe</a></span>
      </div>
    </div>
  </div>
</footer>


<!--Will be moved inside index.js-->
<script type="text/javascript">
  if ("serviceWorker" in navigator) {
    window.addEventListener('load', () => {
      navigator.serviceWorker.register("/sw.js").then(registration => {

      }).catch(error => {
        console.log("ServiceWorker registration failed");
      });
    });
  }

  window.addEventListener('beforeinstallprompt', (e) => {
    // Prevent the mini-infobar from appearing on mobile
    e.preventDefault();
  });
</script>

<!-- Must be loaded after jquery -->
<script src="/cdn/archive.org/analytics.js" type="text/javascript"></script>
<script src="/static/build/all.js?v=82e9cf626ecef15255eb3b200dbf0737" type="text/javascript"></script>
<!-- Passes total_time for analytics to ol.analytics.js -->
<div class="analytics-stats-time-calculator" data-time="460.5593681335449"></div>

<!-- clear the window.q and setup the jQuery plugins -->
<script>
$( function () {
    var i;
    for ( i = 0; i < window.q.length; i++ ) {
        $( window.q[i] );
    }
    window.q = [];
} );

if (typeof archive_analytics !== 'undefined') {
  archive_analytics.set_up_event_tracking();
}
</script>
</body>
</html>


  ?[32mAnd ?[0m?[32mget author from API?[0m                                                 ?[90m# stepdefinitions.APICall.getRequestWithQueryParam()?[0m
APIEric Robertson - undifferentiated
2024-03-25 00:44:34 INFO  page.BookDetailsPage:32 - Getting text of element: Author inscription 
Cука блять йобаний стидEric Robertson - undifferentiated
2024-03-25 00:44:34 INFO  page.BookDetailsPage:32 - Getting text of element: Author inscription 
UIEric Robertson - undifferentiated
2024-03-25 00:44:35 INFO  page.BookDetailsPage:32 - Getting text of element: Author inscription 
Cука блять йобаний стидEric Robertson - undifferentiated
2024-03-25 00:44:35 INFO  page.BookDetailsPage:32 - Getting text of element: Author inscription 
  ?[32mThen ?[0m?[32mCompare author from api and ui?[0m                                     ?[90m# stepdefinitions.stepDefinitions.compareNameOfAuthor()?[0m
]]></system-out>
  <system-err><![CDATA[Starting ChromeDriver 123.0.6312.58 (6b4b19e9dfbb93aa414dc045bd445287977d8d7a-refs/branch-heads/6312_46@{#3}) on port 10939
Only local connections are allowed.
Please see https://chromedriver.chromium.org/security-considerations for suggestions on keeping ChromeDriver safe.
ChromeDriver was started successfully.
]]></system-err>
</testsuite>
